/bin/sh: 1: /home/CIN/jcss4/dashboard_data/get_job_comp.py: Permission denied
                       State         JobID  ...                  End Partition
0                     FAILED          1505  ...  2023-02-13T13:56:48       all
1                     FAILED          1506  ...  2023-02-13T14:43:26       all
2                     FAILED          1507  ...  2023-02-13T14:47:37       all
3    CANCELLED by 1781835743          1508  ...  2023-02-13T14:53:02       all
4                     FAILED          1509  ...  2023-02-13T15:02:16       all
..                       ...           ...  ...                  ...       ...
427                  RUNNING  1031_6.batch  ...              Unknown          
428                  RUNNING        1031_7  ...              Unknown       all
429                  RUNNING  1031_7.batch  ...              Unknown          
430                COMPLETED        1031_8  ...  2023-04-21T00:01:40       all
431                COMPLETED  1031_8.batch  ...  2023-04-21T00:01:40          

[432 rows x 6 columns]
log worksheet updated!
log worksheet updated!
log worksheet updated!
log worksheet updated!
log worksheet updated!
log worksheet updated!
log worksheet updated!
log worksheet updated!
log worksheet updated!
log worksheet updated!
log worksheet updated!
log worksheet updated!
log worksheet updated!
log worksheet updated!
